make all --print-data-base --no-builtin-variables --no-builtin-rules --question
# GNU Make 4.3
# Built for x86_64-redhat-linux-gnu
# Copyright (C) 1988-2020 Free Software Foundation, Inc.
# License GPLv3+: GNU GPL version 3 or later <http://gnu.org/licenses/gpl.html>
# This is free software: you are free to change and redistribute it.
# There is NO WARRANTY, to the extent permitted by law.

# Make data base, printed on Thu Jul 21 02:39:00 2022

# Variables

# makefile (from 'makefile', line 18)
SCR_PARAMS = src/*.cpp
# environment
GDK_BACKEND = x11
# environment
LC_ALL = C
# environment
NO_AT_BRIDGE = 1
# environment
GJS_DEBUG_OUTPUT = stderr
# environment
LC_NUMERIC = en_GB.UTF-8
# environment
VSCODE_CWD = /home/victor
# environment
WINDOWPATH = 2
# makefile (from 'makefile', line 11)
PROGRAM_NAME = ProjectThermostatValve
# environment
GDM_LANG = en_US.UTF-8
# default
MAKE_COMMAND := make
# environment
define BASH_FUNC_which%%
() {  ( alias;
 eval ${which_declare} ) | /usr/bin/which --tty-only --read-alias --read-functions --show-tilde --show-dot $@
}
endef
# automatic
@D = $(patsubst %/,%,$(dir $@))
# environment
VSCODE_HANDLES_UNCAUGHT_ERRORS = true
# default
.VARIABLES := 
# environment
PWD = /home/victor/Documents/Siemens/Project-Thermostat-Valve
# automatic
%D = $(patsubst %/,%,$(dir $%))
# environment
HOSTNAME = VICMACHINE
# environment
MAIL = /var/spool/mail/victor
# environment
STEAM_FRAME_FORCE_CLOSE = 1
# environment
XDG_DATA_DIRS = /home/victor/.local/share/flatpak/exports/share:/var/lib/flatpak/exports/share:/usr/local/share/:/usr/share/
# automatic
^D = $(patsubst %/,%,$(dir $^))
# automatic
%F = $(notdir $%)
# environment
VSCODE_CODE_CACHE_PATH = /home/victor/.config/Code/CachedData/b06ae3b2d2dbfe28bca3134cc6be65935cdfea6a
# environment
LANG = C
# environment
XAUTHORITY = /run/user/1000/gdm/Xauthority
# default
.LOADED := 
# default
.INCLUDE_DIRS = /usr/include /usr/local/include /usr/include
# makefile
MAKEFLAGS = pqrR
# makefile
CURDIR := /home/victor/Documents/Siemens/Project-Thermostat-Valve
# environment
APPLICATION_INSIGHTS_NO_DIAGNOSTIC_CHANNEL = 1
# environment
LESSOPEN = ||/usr/bin/lesspipe.sh %s
# automatic
*D = $(patsubst %/,%,$(dir $*))
# environment
MFLAGS = -pqrR
# environment
SSH_AUTH_SOCK = /run/user/1000/keyring/ssh
# default
.SHELLFLAGS := -c
# environment
HISTSIZE = 1000
# automatic
+D = $(patsubst %/,%,$(dir $+))
# environment
XDG_SESSION_DESKTOP = gnome-xorg
# makefile (from 'makefile', line 1)
MAKEFILE_LIST := makefile
# automatic
@F = $(notdir $@)
# environment
VSCODE_PID = 3786
# environment
SDL_VIDEO_MINIMIZE_ON_FOCUS_LOSS = 0
# environment
XDG_SESSION_TYPE = x11
# automatic
?D = $(patsubst %/,%,$(dir $?))
# environment
SESSION_MANAGER = local/unix:@/tmp/.ICE-unix/2222,unix/unix:/tmp/.ICE-unix/2222
# automatic
*F = $(notdir $*)
# environment
CHROME_DESKTOP = code-url-handler.desktop
# makefile (from 'makefile', line 13)
CSTD = c++17
# environment
DBUS_SESSION_BUS_ADDRESS = unix:path=/run/user/1000/bus
# automatic
<D = $(patsubst %/,%,$(dir $<))
# environment
VSCODE_NLS_CONFIG = {"locale":"en-us","availableLanguages":{},"_languagePackSupport":true}
# default
MAKE_HOST := x86_64-redhat-linux-gnu
# makefile
SHELL = /bin/sh
# default
MAKECMDGOALS := all
# environment
XMODIFIERS = @im=ibus
# environment
GJS_DEBUG_TOPICS = JS ERROR;JS LOG
# environment
SHLVL = 0
# environment
MAKELEVEL := 0
# default
MAKE = $(MAKE_COMMAND)
# environment
PATH = /home/victor/.local/bin:/home/victor/bin:/usr/local/bin:/usr/local/sbin:/usr/bin:/usr/sbin:/home/victor/.spicetify:/home/victor/.spicetify:/home/victor/.spicetify:/home/victor/.spicetify
# environment
MOZ_GMP_PATH = /usr/lib64/mozilla/plugins/gmp-gmpopenh264/system-installed
# default
MAKEFILES := 
# environment
LC_MONETARY = en_GB.UTF-8
# automatic
^F = $(notdir $^)
# makefile (from 'makefile', line 15)
flags_all = -std=$(CSTD) -g -O0 -Wall -Wextra -fsanitize=address,undefined,signed-integer-overflow
# environment
LC_TIME = en_GB.UTF-8
# environment
INVOCATION_ID = ec43efc48da4494d9153f90170267c7f
# environment
USERNAME = victor
# automatic
?F = $(notdir $?)
# environment
XDG_CURRENT_DESKTOP = GNOME
# environment
KDEDIRS = /usr
# automatic
+F = $(notdir $+)
# environment
DESKTOP_SESSION = gnome-xorg
# environment
ORIGINAL_XDG_CURRENT_DESKTOP = GNOME
# 'override' directive
GNUMAKEFLAGS := 
# environment
LOGNAME = victor
# environment
GIO_LAUNCHED_DESKTOP_FILE = /usr/share/applications/code.desktop
# makefile
.DEFAULT_GOAL := all
# environment
SYSTEMD_EXEC_PID = 2277
# environment
HISTCONTROL = ignoredups
# environment
EDITOR = /usr/bin/nano
# environment
DISPLAY = :0
# environment
USER = victor
# default
MAKE_VERSION := 4.3
# environment
MANAGERPID = 1882
# environment
which_declare = declare -f
# environment
LC_MEASUREMENT = en_GB.UTF-8
# environment
NODE_TLS_REJECT_UNAUTHORIZED = 0
# environment
DEBUGINFOD_URLS = https://debuginfod.fedoraproject.org/ 
# environment
GIO_LAUNCHED_DESKTOP_FILE_PID = 3786
# environment
SSH_AGENT_PID = 2181
# environment
_ = /usr/bin/make
# environment
LC_PAPER = en_GB.UTF-8
# environment
XDG_RUNTIME_DIR = /run/user/1000
# makefile (from 'makefile', line 16)
flags_fast = -std=$(CSTD) -O2
# environment
JOURNAL_STREAM = 8:30638
# environment
XDG_SESSION_CLASS = user
# environment
VSCODE_AMD_ENTRYPOINT = vs/workbench/api/node/extensionHostProcess
# environment
HOME = /home/victor
# environment
QT_IM_MODULE = ibus
# environment
ELECTRON_RUN_AS_NODE = 1
# environment
VSCODE_IPC_HOOK = /run/user/1000/vscode-a3af7379-1.69.1-main.sock
# default
.RECIPEPREFIX := 
# automatic
<F = $(notdir $<)
# default
SUFFIXES := 
# default
.FEATURES := target-specific order-only second-expansion else-if shortest-stem undefine oneshell nocomment grouped-target extra-prereqs archives jobserver output-sync check-symlink guile load
# environment
XDG_MENU_PREFIX = gnome-
# environment
GDMSESSION = gnome-xorg
# variable set hash-table stats:
# Load=109/1024=11%, Rehash=0, Collisions=9/149=6%

# Pattern-specific Variable Values

# No pattern-specific variable values.

# Directories

# . (device 38, inode 2105088): 20 files, no impossibilities.

# 20 files, no impossibilities in 1 directories.

# Implicit Rules

# No implicit rules.

# Files

clean:
#  Implicit rule search has not been done.
#  Modification time never checked.
#  File has not been updated.
#  recipe to execute (from 'makefile', line 30):
	rm $(PROGRAM_NAME).out

# Not a target:
.DEFAULT:
#  Implicit rule search has not been done.
#  Modification time never checked.
#  File has not been updated.

all:
#  Command line target.
#  Implicit rule search has not been done.
#  Implicit/static pattern stem: ''
#  File does not exist.
#  File has been updated.
#  Needs to be updated (-q is set).
# automatic
# @ := all
# automatic
# * := 
# automatic
# < := 
# automatic
# + := 
# automatic
 
# % := 
# automatic
# ^ := 
# automatic
# ? := 
# automatic
# | := 
# variable set hash-table stats:
# Load=8/32=25%, Rehash=0, Collisions=1/15=7%
#  recipe to execute (from 'makefile', line 22):
	g++ $(flags_all)  $(SCR_PARAMS) -o $(PROGRAM_NAME).out

run:
#  Implicit rule search has not been done.
#  Modification time never checked.
#  File has not been updated.
#  recipe to execute (from 'makefile', line 33):
	g++ $(flags_all) $(SCR_PARAMS) -o $(PROGRAM_NAME).out
	./$(PROGRAM_NAME).out

# Not a target:
makefile:
#  Implicit rule search has been done.
#  Last modified 2022-07-17 03:20:29.49128
#  File has been updated.
#  Successfully updated.

# Not a target:
.SUFFIXES:
#  Implicit rule search has not been done.
#  Modification time never checked.
#  File has not been updated.

fast:
#  Implicit rule search has not been done.
#  Modification time never checked.
#  File has not been updated.
#  recipe to execute (from 'makefile', line 26):
	g++ $(flags_fast)  $(SCR_PARAMS) -o $(PROGRAM_NAME).out

# files hash-table stats:
# Load=7/1024=1%, Rehash=0, Collisions=0/19=0%
# VPATH Search Paths

# No 'vpath' search paths.

# No general ('VPATH' variable) search path.

# strcache buffers: 1 (0) / strings = 28 / storage = 221 B / avg = 7 B
# current buf: size = 8162 B / used = 221 B / count = 28 / avg = 7 B

# strcache performance: lookups = 38 / hit rate = 26%
# hash-table stats:
# Load=28/8192=0%, Rehash=0, Collisions=0/38=0%
# Finished Make data base on Thu Jul 21 02:39:00 2022

 
